  Exercise1Scene.cpp
g:\guillem\documents\programming_projects\intel·ligència artificial\aa3_pathfinding\sdl_pathfinding\src\exercise1scene.cpp(149): warning C4244: 'argument': conversion from 'int' to 'float', possible loss of data
c:\program files (x86)\microsoft visual studio\2017\community\vc\tools\msvc\14.15.26726\include\utility(239): warning C4244: 'initializing': conversion from '_Ty' to '_Ty1', possible loss of data
          with
          [
              _Ty=float
          ]
          and
          [
              _Ty1=int
          ]
  g:\guillem\documents\programming_projects\intel·ligència artificial\aa3_pathfinding\sdl_pathfinding\src\exercise1scene.cpp(275): note: see reference to function template instantiation 'std::pair<int,int>::pair<float,float,0>(std::pair<float,float> &&) noexcept' being compiled
  g:\guillem\documents\programming_projects\intel·ligència artificial\aa3_pathfinding\sdl_pathfinding\src\exercise1scene.cpp(275): note: see reference to function template instantiation 'std::pair<int,int>::pair<float,float,0>(std::pair<float,float> &&) noexcept' being compiled
c:\program files (x86)\microsoft visual studio\2017\community\vc\tools\msvc\14.15.26726\include\utility(240): warning C4244: 'initializing': conversion from '_Ty' to '_Ty2', possible loss of data
          with
          [
              _Ty=float
          ]
          and
          [
              _Ty2=int
          ]
  SDL_Pathfinding.vcxproj -> G:\GUILLEM\Documents\Programming_Projects\Intel·ligència artificial\AA3_PathFinding\SDL_Pathfinding\\bin\SDL_Pathfinding.exe
